<?xml version="1.0" encoding="UTF-8"?>
<!-- Generated by org.testng.reporters.JUnitXMLReporter -->
<testsuite ignored="0" hostname="LAPTOP-BON7O57K" failures="0" tests="6" name="Default test" time="5.024" errors="0" timestamp="2025-07-01T10:27:22 IST">
  <testcase classname="_01_Package._01_Class" name="post_user" time="3.272"/>
  <testcase classname="_01_Package._01_Class" name="put_user" time="0.72"/>
  <testcase classname="_01_Package._01_Class" name="patch_user" time="0.386"/>
  <testcase classname="_01_Package._01_Class" name="get_user" time="0.171"/>
  <testcase classname="_01_Package._01_Class" name="delete_user" time="0.36"/>
  <testcase classname="_01_Package._01_Class" name="negative_test" time="0.083"/>
</testsuite> <!-- Default test -->
